2016-06-27 00:07:05 INFO  com.epam.topic9.task5.Mp3Downloader:160 - Download on method 1 (ExecutorService)
2016-06-27 00:07:06 INFO  com.epam.topic9.task5.Mp3Downloader:173 - Create song list for download:
2016-06-27 00:07:06 INFO  com.epam.topic9.task5.Mp3Downloader:186 - Song <<Scorpions-Scorpions_-_Still_Loving_You_(mp3.cc).mp3>>  save in download List.
2016-06-27 00:07:06 INFO  com.epam.topic9.task5.Mp3Downloader:186 - Song <<Scorpions-scorpions_-_I_m_still_lovin_you_(mp3.cc).mp3>>  save in download List.
2016-06-27 00:07:06 INFO  com.epam.topic9.task5.Mp3Downloader:186 - Song <<Scorpions-04._No_One_Like_You_Bad_for_Good_The_Very_Best_of_Scorpions_-_2002_(mp3.cc).mp3>>  save in download List.
2016-06-27 00:07:06 INFO  com.epam.topic9.task5.Mp3Downloader:186 - Song <<Scorpions-Wind_Of_Change_Kultovaya_pesnya_gruppy_Scorpions_Veter_perepen_Wind_of_Change_pokorila_serdca_sov_(mp3.cc).mp3>>  save in download List.
2016-06-27 00:07:06 INFO  com.epam.topic9.task5.Mp3Downloader:186 - Song <<Scorpions-Humanity_Scorpions_piano_cover_(mp3.cc).mp3>>  save in download List.
2016-06-27 00:07:06 INFO  com.epam.topic9.task5.Mp3Downloader:186 - Song <<Scorpions-Humanity_Scorpions_piano_cover_(mp3.cc).mp3>> (1) save in download List.
2016-06-27 00:07:06 INFO  com.epam.topic9.task5.Mp3Downloader:186 - Song <<Scorpions-Scorpions_-_When_the_smoke_is_going_down_(mp3.cc).mp3>>  save in download List.
2016-06-27 00:07:06 INFO  com.epam.topic9.task5.Mp3Downloader:186 - Song <<Scorpions-Scorpions_-_Maybe_I_Maybe_You_(mp3.cc).mp3>>  save in download List.
2016-06-27 00:07:06 INFO  com.epam.topic9.task5.Mp3Downloader:186 - Song <<Scorpions-Cause_I_Love_You_album_compilation_BAD_FOR_GOOD_THE_VERY_BEST_OF_SCORPIONS_2002_(mp3.cc).mp3>>  save in download List.
2016-06-27 00:07:06 INFO  com.epam.topic9.task5.Mp3Downloader:186 - Song <<Scorpions-06._Still_Loving_You_Bad_for_Good_The_Very_Best_of_Scorpions_-_2002_(mp3.cc).mp3>>  save in download List.
2016-06-27 00:07:06 INFO  com.epam.topic9.task5.Mp3Downloader:121 - Songs download. Process start!
2016-06-27 00:07:06 INFO  com.epam.topic9.task5.Mp3Downloader:44 - Start download: Scorpions-Wind_Of_Change_Kultovaya_pesnya_gruppy_Scorpions_Veter_perepen_Wind_of_Change_pokorila_serdca_sov_(mp3.cc).mp3
2016-06-27 00:07:06 INFO  com.epam.topic9.task5.Mp3Downloader:44 - Start download: Scorpions-Humanity_Scorpions_piano_cover_(mp3.cc).mp3
2016-06-27 00:07:06 INFO  com.epam.topic9.task5.Mp3Downloader:44 - Start download: Scorpions-Scorpions_-_When_the_smoke_is_going_down_(mp3.cc).mp3
2016-06-27 00:07:06 INFO  com.epam.topic9.task5.Mp3Downloader:133 - Executor service - shutdown.
2016-06-27 00:07:06 INFO  com.epam.topic9.task5.Mp3Downloader:44 - Start download: Scorpions-04._No_One_Like_You_Bad_for_Good_The_Very_Best_of_Scorpions_-_2002_(mp3.cc).mp3
2016-06-27 00:07:09 INFO  com.epam.topic9.task5.Mp3Downloader:138 - Song <<Scorpions-Scorpions_-_When_the_smoke_is_going_down_(mp3.cc).mp3>> - downloaded
2016-06-27 00:07:09 INFO  com.epam.topic9.task5.Mp3Downloader:44 - Start download: Scorpions-Humanity_Scorpions_piano_cover_(mp3.cc).mp3
2016-06-27 00:07:09 INFO  com.epam.topic9.task5.Mp3Downloader:138 - Song <<Scorpions-Wind_Of_Change_Kultovaya_pesnya_gruppy_Scorpions_Veter_perepen_Wind_of_Change_pokorila_serdca_sov_(mp3.cc).mp3>> - downloaded
2016-06-27 00:07:09 INFO  com.epam.topic9.task5.Mp3Downloader:44 - Start download: Scorpions-06._Still_Loving_You_Bad_for_Good_The_Very_Best_of_Scorpions_-_2002_(mp3.cc).mp3
2016-06-27 00:07:09 INFO  com.epam.topic9.task5.Mp3Downloader:138 - Song <<Scorpions-Humanity_Scorpions_piano_cover_(mp3.cc).mp3>> - downloaded
2016-06-27 00:07:14 INFO  com.epam.topic9.task5.Mp3Downloader:44 - Start download: Scorpions-scorpions_-_I_m_still_lovin_you_(mp3.cc).mp3
2016-06-27 00:07:15 INFO  com.epam.topic9.task5.Mp3Downloader:138 - Song <<Scorpions-04._No_One_Like_You_Bad_for_Good_The_Very_Best_of_Scorpions_-_2002_(mp3.cc).mp3>> - downloaded
2016-06-27 00:07:15 INFO  com.epam.topic9.task5.Mp3Downloader:138 - Song <<Scorpions-Humanity_Scorpions_piano_cover_(mp3.cc).mp3>> - downloaded
2016-06-27 00:07:15 INFO  com.epam.topic9.task5.Mp3Downloader:44 - Start download: Scorpions-Scorpions_-_Maybe_I_Maybe_You_(mp3.cc).mp3
2016-06-27 00:07:20 INFO  com.epam.topic9.task5.Mp3Downloader:138 - Song <<Scorpions-06._Still_Loving_You_Bad_for_Good_The_Very_Best_of_Scorpions_-_2002_(mp3.cc).mp3>> - downloaded
2016-06-27 00:07:20 INFO  com.epam.topic9.task5.Mp3Downloader:44 - Start download: Scorpions-Scorpions_-_Still_Loving_You_(mp3.cc).mp3
2016-06-27 00:07:20 INFO  com.epam.topic9.task5.Mp3Downloader:138 - Song <<Scorpions-scorpions_-_I_m_still_lovin_you_(mp3.cc).mp3>> - downloaded
2016-06-27 00:07:20 INFO  com.epam.topic9.task5.Mp3Downloader:44 - Start download: Scorpions-Cause_I_Love_You_album_compilation_BAD_FOR_GOOD_THE_VERY_BEST_OF_SCORPIONS_2002_(mp3.cc).mp3
2016-06-27 00:07:21 INFO  com.epam.topic9.task5.Mp3Downloader:138 - Song <<Scorpions-Scorpions_-_Maybe_I_Maybe_You_(mp3.cc).mp3>> - downloaded
2016-06-27 00:07:30 INFO  com.epam.topic9.task5.Mp3Downloader:138 - Song <<Scorpions-Scorpions_-_Still_Loving_You_(mp3.cc).mp3>> - downloaded
2016-06-27 00:07:30 INFO  com.epam.topic9.task5.Mp3Downloader:138 - Song <<Scorpions-Cause_I_Love_You_album_compilation_BAD_FOR_GOOD_THE_VERY_BEST_OF_SCORPIONS_2002_(mp3.cc).mp3>> - downloaded
2016-06-27 00:07:30 INFO  com.epam.topic9.task5.Mp3Downloader:160 - Download on method 2 (Semaphore)
2016-06-27 00:07:33 INFO  com.epam.topic9.task5.Mp3Downloader:173 - Create song list for download:
2016-06-27 00:07:33 INFO  com.epam.topic9.task5.Mp3Downloader:186 - Song <<Ilvt-Liza_(mp3.cc).mp3>>  save in download List.
2016-06-27 00:07:33 INFO  com.epam.topic9.task5.Mp3Downloader:186 - Song <<Ilvt-Sasha_Ty_YUvelir_(mp3.cc).mp3>>  save in download List.
2016-06-27 00:07:33 INFO  com.epam.topic9.task5.Mp3Downloader:186 - Song <<Ilvt-Kandoliza_(mp3.cc).mp3>>  save in download List.
2016-06-27 00:07:33 INFO  com.epam.topic9.task5.Mp3Downloader:186 - Song <<Ilvt-Maradonna_(mp3.cc).mp3>>  save in download List.
2016-06-27 00:07:33 INFO  com.epam.topic9.task5.Mp3Downloader:186 - Song <<Ilvt-Zaludi_(mp3.cc).mp3>>  save in download List.
2016-06-27 00:07:33 INFO  com.epam.topic9.task5.Mp3Downloader:186 - Song <<Ilvt-Za_vsyu_hurmu_(mp3.cc).mp3>>  save in download List.
2016-06-27 00:07:33 INFO  com.epam.topic9.task5.Mp3Downloader:186 - Song <<Ilvt-Bassejn_(mp3.cc).mp3>>  save in download List.
2016-06-27 00:07:33 INFO  com.epam.topic9.task5.Mp3Downloader:186 - Song <<Ilvt-Idi_na_stadion_(mp3.cc).mp3>>  save in download List.
2016-06-27 00:07:33 INFO  com.epam.topic9.task5.Mp3Downloader:186 - Song <<Ilvt-Sasha_Ty_YUvelir_(mp3.cc).mp3>> (1) save in download List.
2016-06-27 00:07:33 INFO  com.epam.topic9.task5.Mp3Downloader:186 - Song <<Ilvt-Masha_(mp3.cc).mp3>>  save in download List.
2016-06-27 00:07:33 INFO  com.epam.topic9.task5.Mp3Downloader:148 - Songs download. Process start!
2016-06-27 00:07:33 INFO  com.epam.topic9.task5.Mp3Downloader:78 - Start download: Ilvt-Sasha_Ty_YUvelir_(mp3.cc).mp3
2016-06-27 00:07:33 INFO  com.epam.topic9.task5.Mp3Downloader:78 - Start download: Ilvt-Idi_na_stadion_(mp3.cc).mp3
2016-06-27 00:07:33 INFO  com.epam.topic9.task5.Mp3Downloader:78 - Start download: Ilvt-Kandoliza_(mp3.cc).mp3
2016-06-27 00:07:33 INFO  com.epam.topic9.task5.Mp3Downloader:156 - All thread run
2016-06-27 00:07:33 INFO  com.epam.topic9.task5.Mp3Downloader:78 - Start download: Ilvt-Maradonna_(mp3.cc).mp3
2016-06-27 00:07:33 INFO  com.epam.topic9.task5.Mp3Downloader:78 - Start download: Ilvt-Bassejn_(mp3.cc).mp3
2016-06-27 00:07:33 INFO  com.epam.topic9.task5.Mp3Downloader:78 - Start download: Ilvt-Zaludi_(mp3.cc).mp3
2016-06-27 00:07:33 INFO  com.epam.topic9.task5.Mp3Downloader:78 - Start download: Ilvt-Sasha_Ty_YUvelir_(mp3.cc).mp3
2016-06-27 00:07:33 INFO  com.epam.topic9.task5.Mp3Downloader:78 - Start download: Ilvt-Masha_(mp3.cc).mp3
2016-06-27 00:07:33 INFO  com.epam.topic9.task5.Mp3Downloader:78 - Start download: Ilvt-Za_vsyu_hurmu_(mp3.cc).mp3
2016-06-27 00:07:33 INFO  com.epam.topic9.task5.Mp3Downloader:78 - Start download: Ilvt-Liza_(mp3.cc).mp3
2016-06-27 00:07:36 INFO  com.epam.topic9.task5.Mp3Downloader:86 - Song <<Ilvt-Idi_na_stadion_(mp3.cc).mp3>> - downloaded
2016-06-27 00:07:38 INFO  com.epam.topic9.task5.Mp3Downloader:86 - Song <<Ilvt-Maradonna_(mp3.cc).mp3>> - downloaded
2016-06-27 00:07:39 INFO  com.epam.topic9.task5.Mp3Downloader:86 - Song <<Ilvt-Sasha_Ty_YUvelir_(mp3.cc).mp3>> - downloaded
2016-06-27 00:07:43 INFO  com.epam.topic9.task5.Mp3Downloader:86 - Song <<Ilvt-Kandoliza_(mp3.cc).mp3>> - downloaded
2016-06-27 00:07:46 INFO  com.epam.topic9.task5.Mp3Downloader:90 - http://storage.mp3.cc/listen/25876880/bDBLdmZ4UVk1QUZmYlYvRjM5U2svaWxGd2ZQdWFZamUzQi8xZkZDdUJhY0FYQUVyb2F6WC9DVTJQU2k3WWFwcnY3N1ZuSno5cEcvRzBtcGQvaGFVbENMRDVOZEVqM2lLcmlwYlRvVVNwR1VKUWN6YmRGbnVTYWhVUnhDQzhDTXM/Ilvt-Sasha_Ty_YUvelir_(mp3.cc).mp3
2016-06-27 00:07:47 INFO  com.epam.topic9.task5.Mp3Downloader:86 - Song <<Ilvt-Bassejn_(mp3.cc).mp3>> - downloaded
2016-06-27 00:07:49 INFO  com.epam.topic9.task5.Mp3Downloader:86 - Song <<Ilvt-Zaludi_(mp3.cc).mp3>> - downloaded
2016-06-27 00:07:51 INFO  com.epam.topic9.task5.Mp3Downloader:86 - Song <<Ilvt-Za_vsyu_hurmu_(mp3.cc).mp3>> - downloaded
2016-06-27 00:07:56 INFO  com.epam.topic9.task5.Mp3Downloader:86 - Song <<Ilvt-Liza_(mp3.cc).mp3>> - downloaded
2016-06-27 00:07:58 INFO  com.epam.topic9.task5.Mp3Downloader:86 - Song <<Ilvt-Masha_(mp3.cc).mp3>> - downloaded
