2016-06-22 14:19:52 INFO  com.epam.topic9.task1.Main:30 - createAndRunThreadA
2016-06-22 14:19:52 INFO  com.epam.topic9.task1.Main:77 - Main0
2016-06-22 14:19:52 INFO  com.epam.topic9.task1.Main:24 - A0
2016-06-22 14:19:52 INFO  com.epam.topic9.task1.Main:77 - Main1
2016-06-22 14:19:52 INFO  com.epam.topic9.task1.Main:24 - A1
2016-06-22 14:19:52 INFO  com.epam.topic9.task1.Main:77 - Main2
2016-06-22 14:19:52 INFO  com.epam.topic9.task1.Main:24 - A2
2016-06-22 14:19:52 INFO  com.epam.topic9.task1.Main:77 - Main3
2016-06-22 14:19:52 INFO  com.epam.topic9.task1.Main:24 - A3
2016-06-22 14:19:52 INFO  com.epam.topic9.task1.Main:24 - A4
2016-06-22 14:19:52 INFO  com.epam.topic9.task1.Main:77 - Main4
2016-06-22 14:19:53 INFO  com.epam.topic9.task1.Main:24 - A5
2016-06-22 14:19:53 INFO  com.epam.topic9.task1.Main:77 - Main5
2016-06-22 14:19:53 INFO  com.epam.topic9.task1.Main:24 - A6
2016-06-22 14:19:53 INFO  com.epam.topic9.task1.Main:77 - Main6
2016-06-22 14:19:53 INFO  com.epam.topic9.task1.Main:24 - A7
2016-06-22 14:19:53 INFO  com.epam.topic9.task1.Main:77 - Main7
2016-06-22 14:19:53 INFO  com.epam.topic9.task1.Main:24 - A8
2016-06-22 14:19:53 INFO  com.epam.topic9.task1.Main:77 - Main8
2016-06-22 14:19:53 INFO  com.epam.topic9.task1.Main:24 - A9
2016-06-22 14:19:53 INFO  com.epam.topic9.task1.Main:77 - Main9
2016-06-22 14:19:53 INFO  com.epam.topic9.task1.Main:24 - A10
2016-06-22 14:19:53 INFO  com.epam.topic9.task1.Main:40 - WaitThreadAtoComplete
2016-06-22 14:19:53 INFO  com.epam.topic9.task1.Main:24 - A0
2016-06-22 14:19:53 INFO  com.epam.topic9.task1.Main:24 - A11
2016-06-22 14:19:53 INFO  com.epam.topic9.task1.Main:24 - A1
2016-06-22 14:19:53 INFO  com.epam.topic9.task1.Main:24 - A12
2016-06-22 14:19:53 INFO  com.epam.topic9.task1.Main:24 - A2
2016-06-22 14:19:53 INFO  com.epam.topic9.task1.Main:24 - A13
2016-06-22 14:19:53 INFO  com.epam.topic9.task1.Main:24 - A3
2016-06-22 14:19:54 INFO  com.epam.topic9.task1.Main:24 - A14
2016-06-22 14:19:54 INFO  com.epam.topic9.task1.Main:24 - A4
2016-06-22 14:19:54 INFO  com.epam.topic9.task1.Main:24 - A15
2016-06-22 14:19:54 INFO  com.epam.topic9.task1.Main:24 - A5
2016-06-22 14:19:54 INFO  com.epam.topic9.task1.Main:24 - A16
2016-06-22 14:19:54 INFO  com.epam.topic9.task1.Main:24 - A6
2016-06-22 14:19:54 INFO  com.epam.topic9.task1.Main:24 - A17
2016-06-22 14:19:54 INFO  com.epam.topic9.task1.Main:24 - A7
2016-06-22 14:19:54 INFO  com.epam.topic9.task1.Main:24 - A18
2016-06-22 14:19:54 INFO  com.epam.topic9.task1.Main:24 - A8
2016-06-22 14:19:54 INFO  com.epam.topic9.task1.Main:24 - A19
2016-06-22 14:19:54 INFO  com.epam.topic9.task1.Main:24 - A9
2016-06-22 14:19:54 INFO  com.epam.topic9.task1.Main:24 - A10
2016-06-22 14:19:54 INFO  com.epam.topic9.task1.Main:24 - A11
2016-06-22 14:19:54 INFO  com.epam.topic9.task1.Main:24 - A12
2016-06-22 14:19:54 INFO  com.epam.topic9.task1.Main:24 - A13
2016-06-22 14:19:55 INFO  com.epam.topic9.task1.Main:24 - A14
2016-06-22 14:19:55 INFO  com.epam.topic9.task1.Main:24 - A15
2016-06-22 14:19:55 INFO  com.epam.topic9.task1.Main:24 - A16
2016-06-22 14:19:55 INFO  com.epam.topic9.task1.Main:24 - A17
2016-06-22 14:19:55 INFO  com.epam.topic9.task1.Main:24 - A18
2016-06-22 14:19:55 INFO  com.epam.topic9.task1.Main:24 - A19
2016-06-22 14:19:55 INFO  com.epam.topic9.task1.Main:77 - Main0
2016-06-22 14:19:55 INFO  com.epam.topic9.task1.Main:77 - Main1
2016-06-22 14:19:55 INFO  com.epam.topic9.task1.Main:77 - Main2
2016-06-22 14:19:55 INFO  com.epam.topic9.task1.Main:77 - Main3
2016-06-22 14:19:56 INFO  com.epam.topic9.task1.Main:77 - Main4
2016-06-22 14:19:56 INFO  com.epam.topic9.task1.Main:77 - Main5
2016-06-22 14:19:56 INFO  com.epam.topic9.task1.Main:77 - Main6
2016-06-22 14:19:56 INFO  com.epam.topic9.task1.Main:77 - Main7
2016-06-22 14:19:56 INFO  com.epam.topic9.task1.Main:77 - Main8
2016-06-22 14:19:56 INFO  com.epam.topic9.task1.Main:77 - Main9
2016-06-22 14:19:56 INFO  com.epam.topic9.task1.Main:51 - completeThreadAwithMain
2016-06-22 14:19:56 INFO  com.epam.topic9.task1.Main:77 - Main0
2016-06-22 14:19:56 INFO  com.epam.topic9.task1.Main:24 - A0
2016-06-22 14:19:56 INFO  com.epam.topic9.task1.Main:77 - Main1
2016-06-22 14:19:56 INFO  com.epam.topic9.task1.Main:24 - A1
2016-06-22 14:19:56 INFO  com.epam.topic9.task1.Main:77 - Main2
2016-06-22 14:19:56 INFO  com.epam.topic9.task1.Main:24 - A2
2016-06-22 14:19:56 INFO  com.epam.topic9.task1.Main:77 - Main3
2016-06-22 14:19:56 INFO  com.epam.topic9.task1.Main:24 - A3
2016-06-22 14:19:57 INFO  com.epam.topic9.task1.Main:77 - Main4
2016-06-22 14:19:57 INFO  com.epam.topic9.task1.Main:24 - A4
2016-06-22 14:19:57 INFO  com.epam.topic9.task1.Main:77 - Main5
2016-06-22 14:19:57 INFO  com.epam.topic9.task1.Main:24 - A5
2016-06-22 14:19:57 INFO  com.epam.topic9.task1.Main:77 - Main6
2016-06-22 14:19:57 INFO  com.epam.topic9.task1.Main:24 - A6
2016-06-22 14:19:57 INFO  com.epam.topic9.task1.Main:77 - Main7
2016-06-22 14:19:57 INFO  com.epam.topic9.task1.Main:24 - A7
2016-06-22 14:19:57 INFO  com.epam.topic9.task1.Main:77 - Main8
2016-06-22 14:19:57 INFO  com.epam.topic9.task1.Main:24 - A8
2016-06-22 14:19:57 INFO  com.epam.topic9.task1.Main:77 - Main9
2016-06-22 14:19:57 INFO  com.epam.topic9.task1.Main:24 - A9
2016-06-22 14:19:57 INFO  com.epam.topic9.task1.Main:62 - runThreadAwithMaxPriority
2016-06-22 14:19:57 INFO  com.epam.topic9.task1.Main:24 - A10
2016-06-22 14:19:57 INFO  com.epam.topic9.task1.Main:71 - Main0
2016-06-22 14:19:57 INFO  com.epam.topic9.task1.Main:24 - A0
2016-06-22 14:19:57 INFO  com.epam.topic9.task1.Main:24 - A1
2016-06-22 14:19:57 INFO  com.epam.topic9.task1.Main:24 - A2
2016-06-22 14:19:57 INFO  com.epam.topic9.task1.Main:71 - Main1
2016-06-22 14:19:57 INFO  com.epam.topic9.task1.Main:71 - Main2
2016-06-22 14:19:57 INFO  com.epam.topic9.task1.Main:24 - A3
2016-06-22 14:19:57 INFO  com.epam.topic9.task1.Main:24 - A4
2016-06-22 14:19:57 INFO  com.epam.topic9.task1.Main:24 - A5
2016-06-22 14:19:57 INFO  com.epam.topic9.task1.Main:24 - A6
2016-06-22 14:19:57 INFO  com.epam.topic9.task1.Main:24 - A7
2016-06-22 14:19:57 INFO  com.epam.topic9.task1.Main:24 - A8
2016-06-22 14:19:57 INFO  com.epam.topic9.task1.Main:24 - A9
2016-06-22 14:19:57 INFO  com.epam.topic9.task1.Main:24 - A10
2016-06-22 14:19:57 INFO  com.epam.topic9.task1.Main:24 - A11
2016-06-22 14:19:57 INFO  com.epam.topic9.task1.Main:24 - A12
2016-06-22 14:19:57 INFO  com.epam.topic9.task1.Main:24 - A13
2016-06-22 14:19:57 INFO  com.epam.topic9.task1.Main:24 - A14
2016-06-22 14:19:57 INFO  com.epam.topic9.task1.Main:24 - A15
2016-06-22 14:19:57 INFO  com.epam.topic9.task1.Main:24 - A16
2016-06-22 14:19:57 INFO  com.epam.topic9.task1.Main:24 - A17
2016-06-22 14:19:57 INFO  com.epam.topic9.task1.Main:24 - A18
2016-06-22 14:19:57 INFO  com.epam.topic9.task1.Main:24 - A19
2016-06-22 14:19:57 INFO  com.epam.topic9.task1.Main:71 - Main3
2016-06-22 14:19:57 INFO  com.epam.topic9.task1.Main:71 - Main4
2016-06-22 14:19:57 INFO  com.epam.topic9.task1.Main:71 - Main5
2016-06-22 14:19:57 INFO  com.epam.topic9.task1.Main:71 - Main6
2016-06-22 14:19:57 INFO  com.epam.topic9.task1.Main:71 - Main7
2016-06-22 14:19:57 INFO  com.epam.topic9.task1.Main:71 - Main8
2016-06-22 14:19:57 INFO  com.epam.topic9.task1.Main:71 - Main9
